c:\users\majined\documents\visual studio 2013\projects\babel\server\debug\vc120.pdb
c:\users\majined\documents\visual studio 2013\projects\babel\server\debug\vc120.idb
c:\users\majined\documents\visual studio 2013\projects\babel\server\debug\circularbuffer.obj
c:\users\majined\documents\visual studio 2013\projects\babel\server\debug\condvar.obj
c:\users\majined\documents\visual studio 2013\projects\babel\server\debug\contact.obj
c:\users\majined\documents\visual studio 2013\projects\babel\server\debug\cwcondvar.obj
c:\users\majined\documents\visual studio 2013\projects\babel\server\debug\cwmutex.obj
c:\users\majined\documents\visual studio 2013\projects\babel\server\debug\cwsocket.obj
c:\users\majined\documents\visual studio 2013\projects\babel\server\debug\exception.obj
c:\users\majined\documents\visual studio 2013\projects\babel\server\debug\main.obj
c:\users\majined\documents\visual studio 2013\projects\babel\server\debug\mutex.obj
c:\users\majined\documents\visual studio 2013\projects\babel\server\debug\mutexpool.obj
c:\users\majined\documents\visual studio 2013\projects\babel\server\debug\packet.obj
c:\users\majined\documents\visual studio 2013\projects\babel\server\debug\packetfactory.obj
c:\users\majined\documents\visual studio 2013\projects\babel\server\debug\selektor.obj
c:\users\majined\documents\visual studio 2013\projects\babel\server\debug\socket.obj
c:\users\majined\documents\visual studio 2013\projects\babel\server\debug\socketavd.obj
c:\users\majined\documents\visual studio 2013\projects\babel\server\debug\socketservertcp.obj
c:\users\majined\documents\visual studio 2013\projects\babel\server\debug\timestamp.obj
c:\users\majined\documents\visual studio 2013\projects\babel\server\debug\user.obj
c:\users\majined\documents\visual studio 2013\projects\babel\server\debug\usercollection.obj
c:\users\majined\documents\visual studio 2013\projects\babel\server\debug\account.obj
c:\users\majined\documents\visual studio 2013\projects\babel\server\debug\accountmanager.obj
c:\users\majined\documents\visual studio 2013\projects\babel\server\debug\server.obj
c:\users\majined\documents\visual studio 2013\projects\babel\debug\server.ilk
c:\users\majined\documents\visual studio 2013\projects\babel\debug\server.exe
c:\users\majined\documents\visual studio 2013\projects\babel\debug\server.pdb
c:\users\majined\documents\visual studio 2013\projects\babel\server\debug\server.tlog\cl.command.1.tlog
c:\users\majined\documents\visual studio 2013\projects\babel\server\debug\server.tlog\cl.read.1.tlog
c:\users\majined\documents\visual studio 2013\projects\babel\server\debug\server.tlog\cl.write.1.tlog
c:\users\majined\documents\visual studio 2013\projects\babel\server\debug\server.tlog\link.command.1.tlog
c:\users\majined\documents\visual studio 2013\projects\babel\server\debug\server.tlog\link.read.1.tlog
c:\users\majined\documents\visual studio 2013\projects\babel\server\debug\server.tlog\link.write.1.tlog
