Build started 21/12/2013 20:06:23.
     1>Project "C:\Users\majined\Documents\Visual Studio 2013\Projects\Babel\Server\Server.vcxproj" on node 2 (Rebuild target(s)).
     1>ClCompile:
         C:\Program Files (x86)\Microsoft Visual Studio 12.0\VC\bin\CL.exe /c /ZI /nologo /W3 /WX- /sdl /Od /Oy- /D _MBCS /Gm /EHsc /RTC1 /MDd /GS /fp:precise /Zc:wchar_t /Zc:forScope /Fo"Debug\\" /Fd"Debug\vc120.pdb" /Gd /TP /analyze- /errorReport:prompt Account.cpp AccountManager.cpp CircularBuffer.cpp CondVar.cpp CWCondVar.cpp CWMutex.cpp CWSocket.cpp Exception.cpp main.cpp Mutex.cpp MutexPool.cpp Packet.cpp PacketFactory.cpp SeleKtor.cpp Server.cpp Socket.cpp SocketAvd.cpp SocketServerTCP.cpp TimeStamp.cpp User.cpp UserCollection.cpp
         UserCollection.cpp
         User.cpp
         TimeStamp.cpp
         SocketServerTCP.cpp
         SocketAvd.cpp
         Socket.cpp
         Server.cpp
         SeleKtor.cpp
         PacketFactory.cpp
         Packet.cpp
         MutexPool.cpp
         Mutex.cpp
         main.cpp
         Exception.cpp
         CWSocket.cpp
         CWMutex.cpp
     1>c:\users\majined\documents\visual studio 2013\projects\babel\server\cwmutex.cpp(25): warning C4800: 'BOOL' : forcing value to bool 'true' or 'false' (performance warning)
         CWCondVar.cpp
         CondVar.cpp
         CircularBuffer.cpp
         AccountManager.cpp
         Generating Code...
         Compiling...
         Account.cpp
         Generating Code...
       Link:
         C:\Program Files (x86)\Microsoft Visual Studio 12.0\VC\bin\link.exe /ERRORREPORT:PROMPT /OUT:"C:\Users\majined\Documents\Visual Studio 2013\Projects\Babel\Debug\Server.exe" /INCREMENTAL /NOLOGO kernel32.lib user32.lib gdi32.lib winspool.lib comdlg32.lib advapi32.lib shell32.lib ole32.lib oleaut32.lib uuid.lib odbc32.lib odbccp32.lib /MANIFEST /MANIFESTUAC:"level='asInvoker' uiAccess='false'" /manifest:embed /DEBUG /PDB:"C:\Users\majined\Documents\Visual Studio 2013\Projects\Babel\Debug\Server.pdb" /TLBID:1 /DYNAMICBASE /NXCOMPAT /IMPLIB:"C:\Users\majined\Documents\Visual Studio 2013\Projects\Babel\Debug\Server.lib" /MACHINE:X86 Debug\Account.obj
         Debug\AccountManager.obj
         Debug\CircularBuffer.obj
         Debug\CondVar.obj
         Debug\CWCondVar.obj
         Debug\CWMutex.obj
         Debug\CWSocket.obj
         Debug\Exception.obj
         Debug\main.obj
         Debug\Mutex.obj
         Debug\MutexPool.obj
         Debug\Packet.obj
         Debug\PacketFactory.obj
         Debug\SeleKtor.obj
         Debug\Server.obj
         Debug\Socket.obj
         Debug\SocketAvd.obj
         Debug\SocketServerTCP.obj
         Debug\TimeStamp.obj
         Debug\User.obj
         Debug\UserCollection.obj
         Server.vcxproj -> C:\Users\majined\Documents\Visual Studio 2013\Projects\Babel\Debug\Server.exe
     1>Done Building Project "C:\Users\majined\Documents\Visual Studio 2013\Projects\Babel\Server\Server.vcxproj" (Rebuild target(s)).

Build succeeded.

Time Elapsed 00:00:14.20
